This file contains any messages produced by compilers while
running configure, to aid debugging if configure makes a mistake.

It was created by MATIO configure 1.1.2, which was
generated by GNU Autoconf 2.59.  Invocation command line was

  $ ../configure --prefix=/home/cch/matio_v1.1.2 --exec-prefix=/home/cch/matio_v1.1.2

## --------- ##
## Platform. ##
## --------- ##

hostname = maxwell
uname -m = i686
uname -r = 2.6.9-1.667smp
uname -s = Linux
uname -v = #1 SMP Tue Nov 2 14:59:52 EST 2004

/usr/bin/uname -p = unknown
/bin/uname -X     = unknown

/bin/arch              = i686
/usr/bin/arch -k       = unknown
/usr/convex/getsysinfo = unknown
hostinfo               = unknown
/bin/machine           = unknown
/usr/bin/oslevel       = unknown
/bin/universe          = unknown

PATH: /home/cch/bin
PATH: /home/cch/ISLtools_v1.1.2/i686-pc-linux-gnu/bin
PATH: /usr/local/gcc/4.0.0/bin
PATH: /usr/local/intel/fc/9.0/bin
PATH: /usr/local/intel/idb/9.0/bin
PATH: /home/cch/bin
PATH: /home/cch/ISLtools_v1.1.2/i686-pc-linux-gnu/bin
PATH: /usr/local/gcc/4.0.0/bin
PATH: /usr/local/intel/fc/9.0/bin
PATH: /usr/local/intel/idb/9.0/bin
PATH: /usr/kerberos/bin
PATH: /usr/local/bin
PATH: /usr/bin
PATH: /bin
PATH: /usr/X11R6/bin
PATH: /home/cch/bin


## ----------- ##
## Core tests. ##
## ----------- ##

configure:1368: checking for a BSD-compatible install
configure:1423: result: /usr/bin/install -c
configure:1434: checking whether build environment is sane
configure:1477: result: yes
configure:1542: checking for gawk
configure:1558: found /usr/bin/gawk
configure:1568: result: gawk
configure:1578: checking whether make sets $(MAKE)
configure:1598: result: yes
configure:1766: checking whether to enable maintainer-specific portions of Makefiles
configure:1775: result: no
configure:1796: checking build system type
configure:1814: result: i686-pc-linux-gnu
configure:1824: checking host system type
configure:1838: result: i686-pc-linux-gnu
configure:1876: checking debug mode
configure:1887: result: no
configure:1950: checking install docs
configure:1957: result: no
configure:2027: checking for gcc
configure:2043: found /home/cch/bin/gcc
configure:2053: result: gcc
configure:2074: checking for C compiler version
configure:2077: gcc --version </dev/null >&5
gcc (GCC) 4.0.0
Copyright (C) 2005 Free Software Foundation, Inc.
This is free software; see the source for copying conditions.  There is NO
warranty; not even for MERCHANTABILITY or FITNESS FOR A PARTICULAR PURPOSE.

configure:2080: $? = 0
configure:2082: gcc -v </dev/null >&5
Using built-in specs.
Target: i686-pc-linux-gnu
Configured with: ../gcc-4.0.0/configure --prefix=/usr/local/gcc/4.0.0 --exec-prefix=/usr/local/gcc/4.0.0 --program-suffix=-4.0.0
Thread model: posix
gcc version 4.0.0
configure:2085: $? = 0
configure:2087: gcc -V </dev/null >&5
gcc: '-V' option must have argument
configure:2090: $? = 1
configure:2113: checking for C compiler default output file name
configure:2116: gcc -DZ_PREFIX -v   conftest.c  >&5
Using built-in specs.
Target: i686-pc-linux-gnu
Configured with: ../gcc-4.0.0/configure --prefix=/usr/local/gcc/4.0.0 --exec-prefix=/usr/local/gcc/4.0.0 --program-suffix=-4.0.0
Thread model: posix
gcc version 4.0.0
 /usr/local/gcc/4.0.0/libexec/gcc/i686-pc-linux-gnu/4.0.0/cc1 -quiet -v -DZ_PREFIX conftest.c -quiet -dumpbase conftest.c -mtune=pentiumpro -auxbase conftest -version -o /tmp/ccG1C10d.s
ignoring nonexistent directory "/usr/local/gcc/4.0.0/lib/gcc/i686-pc-linux-gnu/4.0.0/../../../../i686-pc-linux-gnu/include"
#include "..." search starts here:
#include <...> search starts here:
 /usr/local/include
 /usr/local/gcc/4.0.0/include
 /usr/local/gcc/4.0.0/lib/gcc/i686-pc-linux-gnu/4.0.0/include
 /usr/include
End of search list.
GNU C version 4.0.0 (i686-pc-linux-gnu)
	compiled by GNU C version 3.4.2 20041017 (Red Hat 3.4.2-6.fc3).
GGC heuristics: --param ggc-min-expand=98 --param ggc-min-heapsize=129170
 as -V -Qy -o /tmp/ccmoX7Ag.o /tmp/ccG1C10d.s
GNU assembler version 2.16 (i686-pc-linux-gnu) using BFD version 2.16
 /usr/local/gcc/4.0.0/libexec/gcc/i686-pc-linux-gnu/4.0.0/collect2 --eh-frame-hdr -m elf_i386 -dynamic-linker /lib/ld-linux.so.2 /usr/lib/crt1.o /usr/lib/crti.o /usr/local/gcc/4.0.0/lib/gcc/i686-pc-linux-gnu/4.0.0/crtbegin.o -L/usr/local/gcc/4.0.0/lib/gcc/i686-pc-linux-gnu/4.0.0 -L/usr/local/gcc/4.0.0/lib/gcc/i686-pc-linux-gnu/4.0.0/../../.. /tmp/ccmoX7Ag.o -lgcc --as-needed -lgcc_s --no-as-needed -lc -lgcc --as-needed -lgcc_s --no-as-needed /usr/local/gcc/4.0.0/lib/gcc/i686-pc-linux-gnu/4.0.0/crtend.o /usr/lib/crtn.o
configure:2119: $? = 0
configure:2165: result: a.out
configure:2170: checking whether the C compiler works
configure:2176: ./a.out
configure:2179: $? = 0
configure:2196: result: yes
configure:2203: checking whether we are cross compiling
configure:2205: result: no
configure:2208: checking for suffix of executables
configure:2210: gcc -o conftest -DZ_PREFIX -v   conftest.c  >&5
Using built-in specs.
Target: i686-pc-linux-gnu
Configured with: ../gcc-4.0.0/configure --prefix=/usr/local/gcc/4.0.0 --exec-prefix=/usr/local/gcc/4.0.0 --program-suffix=-4.0.0
Thread model: posix
gcc version 4.0.0
 /usr/local/gcc/4.0.0/libexec/gcc/i686-pc-linux-gnu/4.0.0/cc1 -quiet -v -DZ_PREFIX conftest.c -quiet -dumpbase conftest.c -mtune=pentiumpro -auxbase conftest -version -o /tmp/ccDquOGf.s
ignoring nonexistent directory "/usr/local/gcc/4.0.0/lib/gcc/i686-pc-linux-gnu/4.0.0/../../../../i686-pc-linux-gnu/include"
#include "..." search starts here:
#include <...> search starts here:
 /usr/local/include
 /usr/local/gcc/4.0.0/include
 /usr/local/gcc/4.0.0/lib/gcc/i686-pc-linux-gnu/4.0.0/include
 /usr/include
End of search list.
GNU C version 4.0.0 (i686-pc-linux-gnu)
	compiled by GNU C version 3.4.2 20041017 (Red Hat 3.4.2-6.fc3).
GGC heuristics: --param ggc-min-expand=98 --param ggc-min-heapsize=129170
 as -V -Qy -o /tmp/ccCdZHGo.o /tmp/ccDquOGf.s
GNU assembler version 2.16 (i686-pc-linux-gnu) using BFD version 2.16
 /usr/local/gcc/4.0.0/libexec/gcc/i686-pc-linux-gnu/4.0.0/collect2 --eh-frame-hdr -m elf_i386 -dynamic-linker /lib/ld-linux.so.2 -o conftest /usr/lib/crt1.o /usr/lib/crti.o /usr/local/gcc/4.0.0/lib/gcc/i686-pc-linux-gnu/4.0.0/crtbegin.o -L/usr/local/gcc/4.0.0/lib/gcc/i686-pc-linux-gnu/4.0.0 -L/usr/local/gcc/4.0.0/lib/gcc/i686-pc-linux-gnu/4.0.0/../../.. /tmp/ccCdZHGo.o -lgcc --as-needed -lgcc_s --no-as-needed -lc -lgcc --as-needed -lgcc_s --no-as-needed /usr/local/gcc/4.0.0/lib/gcc/i686-pc-linux-gnu/4.0.0/crtend.o /usr/lib/crtn.o
configure:2213: $? = 0
configure:2238: result: 
configure:2244: checking for suffix of object files
configure:2265: gcc -c -DZ_PREFIX -v  conftest.c >&5
Using built-in specs.
Target: i686-pc-linux-gnu
Configured with: ../gcc-4.0.0/configure --prefix=/usr/local/gcc/4.0.0 --exec-prefix=/usr/local/gcc/4.0.0 --program-suffix=-4.0.0
Thread model: posix
gcc version 4.0.0
 /usr/local/gcc/4.0.0/libexec/gcc/i686-pc-linux-gnu/4.0.0/cc1 -quiet -v -DZ_PREFIX conftest.c -quiet -dumpbase conftest.c -mtune=pentiumpro -auxbase conftest -version -o /tmp/ccLV5YCj.s
ignoring nonexistent directory "/usr/local/gcc/4.0.0/lib/gcc/i686-pc-linux-gnu/4.0.0/../../../../i686-pc-linux-gnu/include"
#include "..." search starts here:
#include <...> search starts here:
 /usr/local/include
 /usr/local/gcc/4.0.0/include
 /usr/local/gcc/4.0.0/lib/gcc/i686-pc-linux-gnu/4.0.0/include
 /usr/include
End of search list.
GNU C version 4.0.0 (i686-pc-linux-gnu)
	compiled by GNU C version 3.4.2 20041017 (Red Hat 3.4.2-6.fc3).
GGC heuristics: --param ggc-min-expand=98 --param ggc-min-heapsize=129170
 as -V -Qy -o conftest.o /tmp/ccLV5YCj.s
GNU assembler version 2.16 (i686-pc-linux-gnu) using BFD version 2.16
configure:2268: $? = 0
configure:2290: result: o
configure:2294: checking whether we are using the GNU C compiler
configure:2318: gcc -c -DZ_PREFIX -v  conftest.c >&5
Using built-in specs.
Target: i686-pc-linux-gnu
Configured with: ../gcc-4.0.0/configure --prefix=/usr/local/gcc/4.0.0 --exec-prefix=/usr/local/gcc/4.0.0 --program-suffix=-4.0.0
Thread model: posix
gcc version 4.0.0
 /usr/local/gcc/4.0.0/libexec/gcc/i686-pc-linux-gnu/4.0.0/cc1 -quiet -v -DZ_PREFIX conftest.c -quiet -dumpbase conftest.c -mtune=pentiumpro -auxbase conftest -version -o /tmp/cclOu4ym.s
ignoring nonexistent directory "/usr/local/gcc/4.0.0/lib/gcc/i686-pc-linux-gnu/4.0.0/../../../../i686-pc-linux-gnu/include"
#include "..." search starts here:
#include <...> search starts here:
 /usr/local/include
 /usr/local/gcc/4.0.0/include
 /usr/local/gcc/4.0.0/lib/gcc/i686-pc-linux-gnu/4.0.0/include
 /usr/include
End of search list.
GNU C version 4.0.0 (i686-pc-linux-gnu)
	compiled by GNU C version 3.4.2 20041017 (Red Hat 3.4.2-6.fc3).
GGC heuristics: --param ggc-min-expand=98 --param ggc-min-heapsize=129170
 as -V -Qy -o conftest.o /tmp/cclOu4ym.s
GNU assembler version 2.16 (i686-pc-linux-gnu) using BFD version 2.16
configure:2324: $? = 0
configure:2328: test -z 
			 || test ! -s conftest.err
configure:2331: $? = 0
configure:2334: test -s conftest.o
configure:2337: $? = 0
configure:2350: result: yes
configure:2356: checking whether gcc accepts -g
configure:2377: gcc -c -g  conftest.c >&5
configure:2383: $? = 0
configure:2387: test -z 
			 || test ! -s conftest.err
configure:2390: $? = 0
configure:2393: test -s conftest.o
configure:2396: $? = 0
configure:2407: result: yes
configure:2424: checking for gcc option to accept ANSI C
configure:2494: gcc  -c -DZ_PREFIX -v  conftest.c >&5
Using built-in specs.
Target: i686-pc-linux-gnu
Configured with: ../gcc-4.0.0/configure --prefix=/usr/local/gcc/4.0.0 --exec-prefix=/usr/local/gcc/4.0.0 --program-suffix=-4.0.0
Thread model: posix
gcc version 4.0.0
 /usr/local/gcc/4.0.0/libexec/gcc/i686-pc-linux-gnu/4.0.0/cc1 -quiet -v -DZ_PREFIX conftest.c -quiet -dumpbase conftest.c -mtune=pentiumpro -auxbase conftest -version -o /tmp/cciT3ZOu.s
ignoring nonexistent directory "/usr/local/gcc/4.0.0/lib/gcc/i686-pc-linux-gnu/4.0.0/../../../../i686-pc-linux-gnu/include"
#include "..." search starts here:
#include <...> search starts here:
 /usr/local/include
 /usr/local/gcc/4.0.0/include
 /usr/local/gcc/4.0.0/lib/gcc/i686-pc-linux-gnu/4.0.0/include
 /usr/include
End of search list.
GNU C version 4.0.0 (i686-pc-linux-gnu)
	compiled by GNU C version 3.4.2 20041017 (Red Hat 3.4.2-6.fc3).
GGC heuristics: --param ggc-min-expand=98 --param ggc-min-heapsize=129170
 as -V -Qy -o conftest.o /tmp/cciT3ZOu.s
GNU assembler version 2.16 (i686-pc-linux-gnu) using BFD version 2.16
configure:2500: $? = 0
configure:2504: test -z 
			 || test ! -s conftest.err
configure:2507: $? = 0
configure:2510: test -s conftest.o
configure:2513: $? = 0
configure:2531: result: none needed
configure:2549: gcc -c -DZ_PREFIX -v  conftest.c >&5
Using built-in specs.
Target: i686-pc-linux-gnu
Configured with: ../gcc-4.0.0/configure --prefix=/usr/local/gcc/4.0.0 --exec-prefix=/usr/local/gcc/4.0.0 --program-suffix=-4.0.0
Thread model: posix
gcc version 4.0.0
 /usr/local/gcc/4.0.0/libexec/gcc/i686-pc-linux-gnu/4.0.0/cc1 -quiet -v -DZ_PREFIX conftest.c -quiet -dumpbase conftest.c -mtune=pentiumpro -auxbase conftest -version -o /tmp/ccIzNDow.s
ignoring nonexistent directory "/usr/local/gcc/4.0.0/lib/gcc/i686-pc-linux-gnu/4.0.0/../../../../i686-pc-linux-gnu/include"
#include "..." search starts here:
#include <...> search starts here:
 /usr/local/include
 /usr/local/gcc/4.0.0/include
 /usr/local/gcc/4.0.0/lib/gcc/i686-pc-linux-gnu/4.0.0/include
 /usr/include
End of search list.
GNU C version 4.0.0 (i686-pc-linux-gnu)
	compiled by GNU C version 3.4.2 20041017 (Red Hat 3.4.2-6.fc3).
GGC heuristics: --param ggc-min-expand=98 --param ggc-min-heapsize=129170
conftest.c:2: error: parse error before 'me'
configure:2555: $? = 1
configure: failed program was:
| #ifndef __cplusplus
|   choke me
| #endif
configure:2699: checking for style of include used by make
configure:2727: result: GNU
configure:2755: checking dependency style of gcc
configure:2845: result: gcc3
configure:2863: checking whether make sets $(MAKE)
configure:2883: result: yes
configure:2905: checking for a BSD-compatible install
configure:2960: result: /usr/bin/install -c
configure:3012: checking for ranlib
configure:3028: found /usr/bin/ranlib
configure:3039: result: ranlib
configure:3056: checking for pow in -lm
configure:3086: gcc -o conftest -DZ_PREFIX -v   conftest.c -lm   >&5
Using built-in specs.
Target: i686-pc-linux-gnu
Configured with: ../gcc-4.0.0/configure --prefix=/usr/local/gcc/4.0.0 --exec-prefix=/usr/local/gcc/4.0.0 --program-suffix=-4.0.0
Thread model: posix
gcc version 4.0.0
 /usr/local/gcc/4.0.0/libexec/gcc/i686-pc-linux-gnu/4.0.0/cc1 -quiet -v -DZ_PREFIX conftest.c -quiet -dumpbase conftest.c -mtune=pentiumpro -auxbase conftest -version -o /tmp/ccgFNAQG.s
ignoring nonexistent directory "/usr/local/gcc/4.0.0/lib/gcc/i686-pc-linux-gnu/4.0.0/../../../../i686-pc-linux-gnu/include"
#include "..." search starts here:
#include <...> search starts here:
 /usr/local/include
 /usr/local/gcc/4.0.0/include
 /usr/local/gcc/4.0.0/lib/gcc/i686-pc-linux-gnu/4.0.0/include
 /usr/include
End of search list.
GNU C version 4.0.0 (i686-pc-linux-gnu)
	compiled by GNU C version 3.4.2 20041017 (Red Hat 3.4.2-6.fc3).
GGC heuristics: --param ggc-min-expand=98 --param ggc-min-heapsize=129170
conftest.c:23: warning: conflicting types for built-in function 'pow'
 as -V -Qy -o /tmp/ccqioAic.o /tmp/ccgFNAQG.s
GNU assembler version 2.16 (i686-pc-linux-gnu) using BFD version 2.16
 /usr/local/gcc/4.0.0/libexec/gcc/i686-pc-linux-gnu/4.0.0/collect2 --eh-frame-hdr -m elf_i386 -dynamic-linker /lib/ld-linux.so.2 -o conftest /usr/lib/crt1.o /usr/lib/crti.o /usr/local/gcc/4.0.0/lib/gcc/i686-pc-linux-gnu/4.0.0/crtbegin.o -L/usr/local/gcc/4.0.0/lib/gcc/i686-pc-linux-gnu/4.0.0 -L/usr/local/gcc/4.0.0/lib/gcc/i686-pc-linux-gnu/4.0.0/../../.. /tmp/ccqioAic.o -lm -lgcc --as-needed -lgcc_s --no-as-needed -lc -lgcc --as-needed -lgcc_s --no-as-needed /usr/local/gcc/4.0.0/lib/gcc/i686-pc-linux-gnu/4.0.0/crtend.o /usr/lib/crtn.o
configure:3092: $? = 0
configure:3096: test -z 
			 || test ! -s conftest.err
configure:3099: $? = 0
configure:3102: test -s conftest
configure:3105: $? = 0
configure:3118: result: yes
configure:3138: checking how to run the C preprocessor
configure:3173: gcc -E  conftest.c
configure:3179: $? = 0
configure:3211: gcc -E  conftest.c
conftest.c:17:28: error: ac_nonexistent.h: No such file or directory
configure:3217: $? = 1
configure: failed program was:
| /* confdefs.h.  */
| 
| #define PACKAGE_NAME "MATIO"
| #define PACKAGE_TARNAME "matio"
| #define PACKAGE_VERSION "1.1.2"
| #define PACKAGE_STRING "MATIO 1.1.2"
| #define PACKAGE_BUGREPORT "cch@isl-inc.com"
| #define PACKAGE "matio"
| #define VERSION "1.1.2"
| #define MATIO_PLATFORM "i686-pc-linux-gnu"
| #define MATIO_MAJOR_VERSION 1
| #define MATIO_MINOR_VERSION 1
| #define MATIO_RELEASE_LEVEL 2
| #define NODEBUG 1
| #define HAVE_LIBM 1
| /* end confdefs.h.  */
| #include <ac_nonexistent.h>
configure:3256: result: gcc -E
configure:3280: gcc -E  conftest.c
configure:3286: $? = 0
configure:3318: gcc -E  conftest.c
conftest.c:17:28: error: ac_nonexistent.h: No such file or directory
configure:3324: $? = 1
configure: failed program was:
| /* confdefs.h.  */
| 
| #define PACKAGE_NAME "MATIO"
| #define PACKAGE_TARNAME "matio"
| #define PACKAGE_VERSION "1.1.2"
| #define PACKAGE_STRING "MATIO 1.1.2"
| #define PACKAGE_BUGREPORT "cch@isl-inc.com"
| #define PACKAGE "matio"
| #define VERSION "1.1.2"
| #define MATIO_PLATFORM "i686-pc-linux-gnu"
| #define MATIO_MAJOR_VERSION 1
| #define MATIO_MINOR_VERSION 1
| #define MATIO_RELEASE_LEVEL 2
| #define NODEBUG 1
| #define HAVE_LIBM 1
| /* end confdefs.h.  */
| #include <ac_nonexistent.h>
configure:3368: checking for egrep
configure:3378: result: grep -E
configure:3383: checking for ANSI C header files
configure:3408: gcc -c -DZ_PREFIX -v  conftest.c >&5
Using built-in specs.
Target: i686-pc-linux-gnu
Configured with: ../gcc-4.0.0/configure --prefix=/usr/local/gcc/4.0.0 --exec-prefix=/usr/local/gcc/4.0.0 --program-suffix=-4.0.0
Thread model: posix
gcc version 4.0.0
 /usr/local/gcc/4.0.0/libexec/gcc/i686-pc-linux-gnu/4.0.0/cc1 -quiet -v -DZ_PREFIX conftest.c -quiet -dumpbase conftest.c -mtune=pentiumpro -auxbase conftest -version -o /tmp/ccpnDfgR.s
ignoring nonexistent directory "/usr/local/gcc/4.0.0/lib/gcc/i686-pc-linux-gnu/4.0.0/../../../../i686-pc-linux-gnu/include"
#include "..." search starts here:
#include <...> search starts here:
 /usr/local/include
 /usr/local/gcc/4.0.0/include
 /usr/local/gcc/4.0.0/lib/gcc/i686-pc-linux-gnu/4.0.0/include
 /usr/include
End of search list.
GNU C version 4.0.0 (i686-pc-linux-gnu)
	compiled by GNU C version 3.4.2 20041017 (Red Hat 3.4.2-6.fc3).
GGC heuristics: --param ggc-min-expand=98 --param ggc-min-heapsize=129170
 as -V -Qy -o conftest.o /tmp/ccpnDfgR.s
GNU assembler version 2.16 (i686-pc-linux-gnu) using BFD version 2.16
configure:3414: $? = 0
configure:3418: test -z 
			 || test ! -s conftest.err
configure:3421: $? = 0
configure:3424: test -s conftest.o
configure:3427: $? = 0
configure:3516: gcc -o conftest -DZ_PREFIX -v   conftest.c -lm  >&5
Using built-in specs.
Target: i686-pc-linux-gnu
Configured with: ../gcc-4.0.0/configure --prefix=/usr/local/gcc/4.0.0 --exec-prefix=/usr/local/gcc/4.0.0 --program-suffix=-4.0.0
Thread model: posix
gcc version 4.0.0
 /usr/local/gcc/4.0.0/libexec/gcc/i686-pc-linux-gnu/4.0.0/cc1 -quiet -v -DZ_PREFIX conftest.c -quiet -dumpbase conftest.c -mtune=pentiumpro -auxbase conftest -version -o /tmp/ccjitgjY.s
ignoring nonexistent directory "/usr/local/gcc/4.0.0/lib/gcc/i686-pc-linux-gnu/4.0.0/../../../../i686-pc-linux-gnu/include"
#include "..." search starts here:
#include <...> search starts here:
 /usr/local/include
 /usr/local/gcc/4.0.0/include
 /usr/local/gcc/4.0.0/lib/gcc/i686-pc-linux-gnu/4.0.0/include
 /usr/include
End of search list.
GNU C version 4.0.0 (i686-pc-linux-gnu)
	compiled by GNU C version 3.4.2 20041017 (Red Hat 3.4.2-6.fc3).
GGC heuristics: --param ggc-min-expand=98 --param ggc-min-heapsize=129170
conftest.c: In function 'main':
conftest.c:34: warning: incompatible implicit declaration of built-in function 'exit'
 as -V -Qy -o /tmp/ccUCz4TN.o /tmp/ccjitgjY.s
GNU assembler version 2.16 (i686-pc-linux-gnu) using BFD version 2.16
 /usr/local/gcc/4.0.0/libexec/gcc/i686-pc-linux-gnu/4.0.0/collect2 --eh-frame-hdr -m elf_i386 -dynamic-linker /lib/ld-linux.so.2 -o conftest /usr/lib/crt1.o /usr/lib/crti.o /usr/local/gcc/4.0.0/lib/gcc/i686-pc-linux-gnu/4.0.0/crtbegin.o -L/usr/local/gcc/4.0.0/lib/gcc/i686-pc-linux-gnu/4.0.0 -L/usr/local/gcc/4.0.0/lib/gcc/i686-pc-linux-gnu/4.0.0/../../.. /tmp/ccUCz4TN.o -lm -lgcc --as-needed -lgcc_s --no-as-needed -lc -lgcc --as-needed -lgcc_s --no-as-needed /usr/local/gcc/4.0.0/lib/gcc/i686-pc-linux-gnu/4.0.0/crtend.o /usr/lib/crtn.o
configure:3519: $? = 0
configure:3521: ./conftest
configure:3524: $? = 0
configure:3539: result: yes
configure:3563: checking for sys/types.h
configure:3579: gcc -c -DZ_PREFIX -v  conftest.c >&5
Using built-in specs.
Target: i686-pc-linux-gnu
Configured with: ../gcc-4.0.0/configure --prefix=/usr/local/gcc/4.0.0 --exec-prefix=/usr/local/gcc/4.0.0 --program-suffix=-4.0.0
Thread model: posix
gcc version 4.0.0
 /usr/local/gcc/4.0.0/libexec/gcc/i686-pc-linux-gnu/4.0.0/cc1 -quiet -v -DZ_PREFIX conftest.c -quiet -dumpbase conftest.c -mtune=pentiumpro -auxbase conftest -version -o /tmp/ccH3qnL5.s
ignoring nonexistent directory "/usr/local/gcc/4.0.0/lib/gcc/i686-pc-linux-gnu/4.0.0/../../../../i686-pc-linux-gnu/include"
#include "..." search starts here:
#include <...> search starts here:
 /usr/local/include
 /usr/local/gcc/4.0.0/include
 /usr/local/gcc/4.0.0/lib/gcc/i686-pc-linux-gnu/4.0.0/include
 /usr/include
End of search list.
GNU C version 4.0.0 (i686-pc-linux-gnu)
	compiled by GNU C version 3.4.2 20041017 (Red Hat 3.4.2-6.fc3).
GGC heuristics: --param ggc-min-expand=98 --param ggc-min-heapsize=129170
 as -V -Qy -o conftest.o /tmp/ccH3qnL5.s
GNU assembler version 2.16 (i686-pc-linux-gnu) using BFD version 2.16
configure:3585: $? = 0
configure:3589: test -z 
			 || test ! -s conftest.err
configure:3592: $? = 0
configure:3595: test -s conftest.o
configure:3598: $? = 0
configure:3609: result: yes
configure:3563: checking for sys/stat.h
configure:3579: gcc -c -DZ_PREFIX -v  conftest.c >&5
Using built-in specs.
Target: i686-pc-linux-gnu
Configured with: ../gcc-4.0.0/configure --prefix=/usr/local/gcc/4.0.0 --exec-prefix=/usr/local/gcc/4.0.0 --program-suffix=-4.0.0
Thread model: posix
gcc version 4.0.0
 /usr/local/gcc/4.0.0/libexec/gcc/i686-pc-linux-gnu/4.0.0/cc1 -quiet -v -DZ_PREFIX conftest.c -quiet -dumpbase conftest.c -mtune=pentiumpro -auxbase conftest -version -o /tmp/ccT9QmEa.s
ignoring nonexistent directory "/usr/local/gcc/4.0.0/lib/gcc/i686-pc-linux-gnu/4.0.0/../../../../i686-pc-linux-gnu/include"
#include "..." search starts here:
#include <...> search starts here:
 /usr/local/include
 /usr/local/gcc/4.0.0/include
 /usr/local/gcc/4.0.0/lib/gcc/i686-pc-linux-gnu/4.0.0/include
 /usr/include
End of search list.
GNU C version 4.0.0 (i686-pc-linux-gnu)
	compiled by GNU C version 3.4.2 20041017 (Red Hat 3.4.2-6.fc3).
GGC heuristics: --param ggc-min-expand=98 --param ggc-min-heapsize=129170
 as -V -Qy -o conftest.o /tmp/ccT9QmEa.s
GNU assembler version 2.16 (i686-pc-linux-gnu) using BFD version 2.16
configure:3585: $? = 0
configure:3589: test -z 
			 || test ! -s conftest.err
configure:3592: $? = 0
configure:3595: test -s conftest.o
configure:3598: $? = 0
configure:3609: result: yes
configure:3563: checking for stdlib.h
configure:3579: gcc -c -DZ_PREFIX -v  conftest.c >&5
Using built-in specs.
Target: i686-pc-linux-gnu
Configured with: ../gcc-4.0.0/configure --prefix=/usr/local/gcc/4.0.0 --exec-prefix=/usr/local/gcc/4.0.0 --program-suffix=-4.0.0
Thread model: posix
gcc version 4.0.0
 /usr/local/gcc/4.0.0/libexec/gcc/i686-pc-linux-gnu/4.0.0/cc1 -quiet -v -DZ_PREFIX conftest.c -quiet -dumpbase conftest.c -mtune=pentiumpro -auxbase conftest -version -o /tmp/ccvJ7yEf.s
ignoring nonexistent directory "/usr/local/gcc/4.0.0/lib/gcc/i686-pc-linux-gnu/4.0.0/../../../../i686-pc-linux-gnu/include"
#include "..." search starts here:
#include <...> search starts here:
 /usr/local/include
 /usr/local/gcc/4.0.0/include
 /usr/local/gcc/4.0.0/lib/gcc/i686-pc-linux-gnu/4.0.0/include
 /usr/include
End of search list.
GNU C version 4.0.0 (i686-pc-linux-gnu)
	compiled by GNU C version 3.4.2 20041017 (Red Hat 3.4.2-6.fc3).
GGC heuristics: --param ggc-min-expand=98 --param ggc-min-heapsize=129170
 as -V -Qy -o conftest.o /tmp/ccvJ7yEf.s
GNU assembler version 2.16 (i686-pc-linux-gnu) using BFD version 2.16
configure:3585: $? = 0
configure:3589: test -z 
			 || test ! -s conftest.err
configure:3592: $? = 0
configure:3595: test -s conftest.o
configure:3598: $? = 0
configure:3609: result: yes
configure:3563: checking for string.h
configure:3579: gcc -c -DZ_PREFIX -v  conftest.c >&5
Using built-in specs.
Target: i686-pc-linux-gnu
Configured with: ../gcc-4.0.0/configure --prefix=/usr/local/gcc/4.0.0 --exec-prefix=/usr/local/gcc/4.0.0 --program-suffix=-4.0.0
Thread model: posix
gcc version 4.0.0
 /usr/local/gcc/4.0.0/libexec/gcc/i686-pc-linux-gnu/4.0.0/cc1 -quiet -v -DZ_PREFIX conftest.c -quiet -dumpbase conftest.c -mtune=pentiumpro -auxbase conftest -version -o /tmp/cc7wtqCk.s
ignoring nonexistent directory "/usr/local/gcc/4.0.0/lib/gcc/i686-pc-linux-gnu/4.0.0/../../../../i686-pc-linux-gnu/include"
#include "..." search starts here:
#include <...> search starts here:
 /usr/local/include
 /usr/local/gcc/4.0.0/include
 /usr/local/gcc/4.0.0/lib/gcc/i686-pc-linux-gnu/4.0.0/include
 /usr/include
End of search list.
GNU C version 4.0.0 (i686-pc-linux-gnu)
	compiled by GNU C version 3.4.2 20041017 (Red Hat 3.4.2-6.fc3).
GGC heuristics: --param ggc-min-expand=98 --param ggc-min-heapsize=129170
 as -V -Qy -o conftest.o /tmp/cc7wtqCk.s
GNU assembler version 2.16 (i686-pc-linux-gnu) using BFD version 2.16
configure:3585: $? = 0
configure:3589: test -z 
			 || test ! -s conftest.err
configure:3592: $? = 0
configure:3595: test -s conftest.o
configure:3598: $? = 0
configure:3609: result: yes
configure:3563: checking for memory.h
configure:3579: gcc -c -DZ_PREFIX -v  conftest.c >&5
Using built-in specs.
Target: i686-pc-linux-gnu
Configured with: ../gcc-4.0.0/configure --prefix=/usr/local/gcc/4.0.0 --exec-prefix=/usr/local/gcc/4.0.0 --program-suffix=-4.0.0
Thread model: posix
gcc version 4.0.0
 /usr/local/gcc/4.0.0/libexec/gcc/i686-pc-linux-gnu/4.0.0/cc1 -quiet -v -DZ_PREFIX conftest.c -quiet -dumpbase conftest.c -mtune=pentiumpro -auxbase conftest -version -o /tmp/ccYX47kg.s
ignoring nonexistent directory "/usr/local/gcc/4.0.0/lib/gcc/i686-pc-linux-gnu/4.0.0/../../../../i686-pc-linux-gnu/include"
#include "..." search starts here:
#include <...> search starts here:
 /usr/local/include
 /usr/local/gcc/4.0.0/include
 /usr/local/gcc/4.0.0/lib/gcc/i686-pc-linux-gnu/4.0.0/include
 /usr/include
End of search list.
GNU C version 4.0.0 (i686-pc-linux-gnu)
	compiled by GNU C version 3.4.2 20041017 (Red Hat 3.4.2-6.fc3).
GGC heuristics: --param ggc-min-expand=98 --param ggc-min-heapsize=129170
 as -V -Qy -o conftest.o /tmp/ccYX47kg.s
GNU assembler version 2.16 (i686-pc-linux-gnu) using BFD version 2.16
configure:3585: $? = 0
configure:3589: test -z 
			 || test ! -s conftest.err
configure:3592: $? = 0
configure:3595: test -s conftest.o
configure:3598: $? = 0
configure:3609: result: yes
configure:3563: checking for strings.h
configure:3579: gcc -c -DZ_PREFIX -v  conftest.c >&5
Using built-in specs.
Target: i686-pc-linux-gnu
Configured with: ../gcc-4.0.0/configure --prefix=/usr/local/gcc/4.0.0 --exec-prefix=/usr/local/gcc/4.0.0 --program-suffix=-4.0.0
Thread model: posix
gcc version 4.0.0
 /usr/local/gcc/4.0.0/libexec/gcc/i686-pc-linux-gnu/4.0.0/cc1 -quiet -v -DZ_PREFIX conftest.c -quiet -dumpbase conftest.c -mtune=pentiumpro -auxbase conftest -version -o /tmp/ccopscvl.s
ignoring nonexistent directory "/usr/local/gcc/4.0.0/lib/gcc/i686-pc-linux-gnu/4.0.0/../../../../i686-pc-linux-gnu/include"
#include "..." search starts here:
#include <...> search starts here:
 /usr/local/include
 /usr/local/gcc/4.0.0/include
 /usr/local/gcc/4.0.0/lib/gcc/i686-pc-linux-gnu/4.0.0/include
 /usr/include
End of search list.
GNU C version 4.0.0 (i686-pc-linux-gnu)
	compiled by GNU C version 3.4.2 20041017 (Red Hat 3.4.2-6.fc3).
GGC heuristics: --param ggc-min-expand=98 --param ggc-min-heapsize=129170
 as -V -Qy -o conftest.o /tmp/ccopscvl.s
GNU assembler version 2.16 (i686-pc-linux-gnu) using BFD version 2.16
configure:3585: $? = 0
configure:3589: test -z 
			 || test ! -s conftest.err
configure:3592: $? = 0
configure:3595: test -s conftest.o
configure:3598: $? = 0
configure:3609: result: yes
configure:3563: checking for inttypes.h
configure:3579: gcc -c -DZ_PREFIX -v  conftest.c >&5
Using built-in specs.
Target: i686-pc-linux-gnu
Configured with: ../gcc-4.0.0/configure --prefix=/usr/local/gcc/4.0.0 --exec-prefix=/usr/local/gcc/4.0.0 --program-suffix=-4.0.0
Thread model: posix
gcc version 4.0.0
 /usr/local/gcc/4.0.0/libexec/gcc/i686-pc-linux-gnu/4.0.0/cc1 -quiet -v -DZ_PREFIX conftest.c -quiet -dumpbase conftest.c -mtune=pentiumpro -auxbase conftest -version -o /tmp/ccmsovio.s
ignoring nonexistent directory "/usr/local/gcc/4.0.0/lib/gcc/i686-pc-linux-gnu/4.0.0/../../../../i686-pc-linux-gnu/include"
#include "..." search starts here:
#include <...> search starts here:
 /usr/local/include
 /usr/local/gcc/4.0.0/include
 /usr/local/gcc/4.0.0/lib/gcc/i686-pc-linux-gnu/4.0.0/include
 /usr/include
End of search list.
GNU C version 4.0.0 (i686-pc-linux-gnu)
	compiled by GNU C version 3.4.2 20041017 (Red Hat 3.4.2-6.fc3).
GGC heuristics: --param ggc-min-expand=98 --param ggc-min-heapsize=129170
 as -V -Qy -o conftest.o /tmp/ccmsovio.s
GNU assembler version 2.16 (i686-pc-linux-gnu) using BFD version 2.16
configure:3585: $? = 0
configure:3589: test -z 
			 || test ! -s conftest.err
configure:3592: $? = 0
configure:3595: test -s conftest.o
configure:3598: $? = 0
configure:3609: result: yes
configure:3563: checking for stdint.h
configure:3579: gcc -c -DZ_PREFIX -v  conftest.c >&5
Using built-in specs.
Target: i686-pc-linux-gnu
Configured with: ../gcc-4.0.0/configure --prefix=/usr/local/gcc/4.0.0 --exec-prefix=/usr/local/gcc/4.0.0 --program-suffix=-4.0.0
Thread model: posix
gcc version 4.0.0
 /usr/local/gcc/4.0.0/libexec/gcc/i686-pc-linux-gnu/4.0.0/cc1 -quiet -v -DZ_PREFIX conftest.c -quiet -dumpbase conftest.c -mtune=pentiumpro -auxbase conftest -version -o /tmp/ccEhiftt.s
ignoring nonexistent directory "/usr/local/gcc/4.0.0/lib/gcc/i686-pc-linux-gnu/4.0.0/../../../../i686-pc-linux-gnu/include"
#include "..." search starts here:
#include <...> search starts here:
 /usr/local/include
 /usr/local/gcc/4.0.0/include
 /usr/local/gcc/4.0.0/lib/gcc/i686-pc-linux-gnu/4.0.0/include
 /usr/include
End of search list.
GNU C version 4.0.0 (i686-pc-linux-gnu)
	compiled by GNU C version 3.4.2 20041017 (Red Hat 3.4.2-6.fc3).
GGC heuristics: --param ggc-min-expand=98 --param ggc-min-heapsize=129170
 as -V -Qy -o conftest.o /tmp/ccEhiftt.s
GNU assembler version 2.16 (i686-pc-linux-gnu) using BFD version 2.16
configure:3585: $? = 0
configure:3589: test -z 
			 || test ! -s conftest.err
configure:3592: $? = 0
configure:3595: test -s conftest.o
configure:3598: $? = 0
configure:3609: result: yes
configure:3563: checking for unistd.h
configure:3579: gcc -c -DZ_PREFIX -v  conftest.c >&5
Using built-in specs.
Target: i686-pc-linux-gnu
Configured with: ../gcc-4.0.0/configure --prefix=/usr/local/gcc/4.0.0 --exec-prefix=/usr/local/gcc/4.0.0 --program-suffix=-4.0.0
Thread model: posix
gcc version 4.0.0
 /usr/local/gcc/4.0.0/libexec/gcc/i686-pc-linux-gnu/4.0.0/cc1 -quiet -v -DZ_PREFIX conftest.c -quiet -dumpbase conftest.c -mtune=pentiumpro -auxbase conftest -version -o /tmp/ccwxCoDy.s
ignoring nonexistent directory "/usr/local/gcc/4.0.0/lib/gcc/i686-pc-linux-gnu/4.0.0/../../../../i686-pc-linux-gnu/include"
#include "..." search starts here:
#include <...> search starts here:
 /usr/local/include
 /usr/local/gcc/4.0.0/include
 /usr/local/gcc/4.0.0/lib/gcc/i686-pc-linux-gnu/4.0.0/include
 /usr/include
End of search list.
GNU C version 4.0.0 (i686-pc-linux-gnu)
	compiled by GNU C version 3.4.2 20041017 (Red Hat 3.4.2-6.fc3).
GGC heuristics: --param ggc-min-expand=98 --param ggc-min-heapsize=129170
 as -V -Qy -o conftest.o /tmp/ccwxCoDy.s
GNU assembler version 2.16 (i686-pc-linux-gnu) using BFD version 2.16
configure:3585: $? = 0
configure:3589: test -z 
			 || test ! -s conftest.err
configure:3592: $? = 0
configure:3595: test -s conftest.o
configure:3598: $? = 0
configure:3609: result: yes
configure:3622: checking for inttypes.h
configure:3627: result: yes
configure:3767: checking for stdint.h
configure:3772: result: yes
configure:3911: checking for double
configure:3935: gcc -c -DZ_PREFIX -v  conftest.c >&5
Using built-in specs.
Target: i686-pc-linux-gnu
Configured with: ../gcc-4.0.0/configure --prefix=/usr/local/gcc/4.0.0 --exec-prefix=/usr/local/gcc/4.0.0 --program-suffix=-4.0.0
Thread model: posix
gcc version 4.0.0
 /usr/local/gcc/4.0.0/libexec/gcc/i686-pc-linux-gnu/4.0.0/cc1 -quiet -v -DZ_PREFIX conftest.c -quiet -dumpbase conftest.c -mtune=pentiumpro -auxbase conftest -version -o /tmp/ccE6wbUG.s
ignoring nonexistent directory "/usr/local/gcc/4.0.0/lib/gcc/i686-pc-linux-gnu/4.0.0/../../../../i686-pc-linux-gnu/include"
#include "..." search starts here:
#include <...> search starts here:
 /usr/local/include
 /usr/local/gcc/4.0.0/include
 /usr/local/gcc/4.0.0/lib/gcc/i686-pc-linux-gnu/4.0.0/include
 /usr/include
End of search list.
GNU C version 4.0.0 (i686-pc-linux-gnu)
	compiled by GNU C version 3.4.2 20041017 (Red Hat 3.4.2-6.fc3).
GGC heuristics: --param ggc-min-expand=98 --param ggc-min-heapsize=129170
 as -V -Qy -o conftest.o /tmp/ccE6wbUG.s
GNU assembler version 2.16 (i686-pc-linux-gnu) using BFD version 2.16
configure:3941: $? = 0
configure:3945: test -z 
			 || test ! -s conftest.err
configure:3948: $? = 0
configure:3951: test -s conftest.o
configure:3954: $? = 0
configure:3965: result: yes
configure:3968: checking size of double
configure:4287: gcc -o conftest -DZ_PREFIX -v   conftest.c -lm  >&5
Using built-in specs.
Target: i686-pc-linux-gnu
Configured with: ../gcc-4.0.0/configure --prefix=/usr/local/gcc/4.0.0 --exec-prefix=/usr/local/gcc/4.0.0 --program-suffix=-4.0.0
Thread model: posix
gcc version 4.0.0
 /usr/local/gcc/4.0.0/libexec/gcc/i686-pc-linux-gnu/4.0.0/cc1 -quiet -v -DZ_PREFIX conftest.c -quiet -dumpbase conftest.c -mtune=pentiumpro -auxbase conftest -version -o /tmp/ccoYH4kJ.s
ignoring nonexistent directory "/usr/local/gcc/4.0.0/lib/gcc/i686-pc-linux-gnu/4.0.0/../../../../i686-pc-linux-gnu/include"
#include "..." search starts here:
#include <...> search starts here:
 /usr/local/include
 /usr/local/gcc/4.0.0/include
 /usr/local/gcc/4.0.0/lib/gcc/i686-pc-linux-gnu/4.0.0/include
 /usr/include
End of search list.
GNU C version 4.0.0 (i686-pc-linux-gnu)
	compiled by GNU C version 3.4.2 20041017 (Red Hat 3.4.2-6.fc3).
GGC heuristics: --param ggc-min-expand=98 --param ggc-min-heapsize=129170
 as -V -Qy -o /tmp/ccIfVhAl.o /tmp/ccoYH4kJ.s
GNU assembler version 2.16 (i686-pc-linux-gnu) using BFD version 2.16
 /usr/local/gcc/4.0.0/libexec/gcc/i686-pc-linux-gnu/4.0.0/collect2 --eh-frame-hdr -m elf_i386 -dynamic-linker /lib/ld-linux.so.2 -o conftest /usr/lib/crt1.o /usr/lib/crti.o /usr/local/gcc/4.0.0/lib/gcc/i686-pc-linux-gnu/4.0.0/crtbegin.o -L/usr/local/gcc/4.0.0/lib/gcc/i686-pc-linux-gnu/4.0.0 -L/usr/local/gcc/4.0.0/lib/gcc/i686-pc-linux-gnu/4.0.0/../../.. /tmp/ccIfVhAl.o -lm -lgcc --as-needed -lgcc_s --no-as-needed -lc -lgcc --as-needed -lgcc_s --no-as-needed /usr/local/gcc/4.0.0/lib/gcc/i686-pc-linux-gnu/4.0.0/crtend.o /usr/lib/crtn.o
configure:4290: $? = 0
configure:4292: ./conftest
configure:4295: $? = 0
configure:4318: result: 8
configure:4325: checking for float
configure:4349: gcc -c -DZ_PREFIX -v  conftest.c >&5
Using built-in specs.
Target: i686-pc-linux-gnu
Configured with: ../gcc-4.0.0/configure --prefix=/usr/local/gcc/4.0.0 --exec-prefix=/usr/local/gcc/4.0.0 --program-suffix=-4.0.0
Thread model: posix
gcc version 4.0.0
 /usr/local/gcc/4.0.0/libexec/gcc/i686-pc-linux-gnu/4.0.0/cc1 -quiet -v -DZ_PREFIX conftest.c -quiet -dumpbase conftest.c -mtune=pentiumpro -auxbase conftest -version -o /tmp/ccuvoOwS.s
ignoring nonexistent directory "/usr/local/gcc/4.0.0/lib/gcc/i686-pc-linux-gnu/4.0.0/../../../../i686-pc-linux-gnu/include"
#include "..." search starts here:
#include <...> search starts here:
 /usr/local/include
 /usr/local/gcc/4.0.0/include
 /usr/local/gcc/4.0.0/lib/gcc/i686-pc-linux-gnu/4.0.0/include
 /usr/include
End of search list.
GNU C version 4.0.0 (i686-pc-linux-gnu)
	compiled by GNU C version 3.4.2 20041017 (Red Hat 3.4.2-6.fc3).
GGC heuristics: --param ggc-min-expand=98 --param ggc-min-heapsize=129170
 as -V -Qy -o conftest.o /tmp/ccuvoOwS.s
GNU assembler version 2.16 (i686-pc-linux-gnu) using BFD version 2.16
configure:4355: $? = 0
configure:4359: test -z 
			 || test ! -s conftest.err
configure:4362: $? = 0
configure:4365: test -s conftest.o
configure:4368: $? = 0
configure:4379: result: yes
configure:4382: checking size of float
configure:4701: gcc -o conftest -DZ_PREFIX -v   conftest.c -lm  >&5
Using built-in specs.
Target: i686-pc-linux-gnu
Configured with: ../gcc-4.0.0/configure --prefix=/usr/local/gcc/4.0.0 --exec-prefix=/usr/local/gcc/4.0.0 --program-suffix=-4.0.0
Thread model: posix
gcc version 4.0.0
 /usr/local/gcc/4.0.0/libexec/gcc/i686-pc-linux-gnu/4.0.0/cc1 -quiet -v -DZ_PREFIX conftest.c -quiet -dumpbase conftest.c -mtune=pentiumpro -auxbase conftest -version -o /tmp/ccm3GDaV.s
ignoring nonexistent directory "/usr/local/gcc/4.0.0/lib/gcc/i686-pc-linux-gnu/4.0.0/../../../../i686-pc-linux-gnu/include"
#include "..." search starts here:
#include <...> search starts here:
 /usr/local/include
 /usr/local/gcc/4.0.0/include
 /usr/local/gcc/4.0.0/lib/gcc/i686-pc-linux-gnu/4.0.0/include
 /usr/include
End of search list.
GNU C version 4.0.0 (i686-pc-linux-gnu)
	compiled by GNU C version 3.4.2 20041017 (Red Hat 3.4.2-6.fc3).
GGC heuristics: --param ggc-min-expand=98 --param ggc-min-heapsize=129170
 as -V -Qy -o /tmp/cc2RJ69I.o /tmp/ccm3GDaV.s
GNU assembler version 2.16 (i686-pc-linux-gnu) using BFD version 2.16
 /usr/local/gcc/4.0.0/libexec/gcc/i686-pc-linux-gnu/4.0.0/collect2 --eh-frame-hdr -m elf_i386 -dynamic-linker /lib/ld-linux.so.2 -o conftest /usr/lib/crt1.o /usr/lib/crti.o /usr/local/gcc/4.0.0/lib/gcc/i686-pc-linux-gnu/4.0.0/crtbegin.o -L/usr/local/gcc/4.0.0/lib/gcc/i686-pc-linux-gnu/4.0.0 -L/usr/local/gcc/4.0.0/lib/gcc/i686-pc-linux-gnu/4.0.0/../../.. /tmp/cc2RJ69I.o -lm -lgcc --as-needed -lgcc_s --no-as-needed -lc -lgcc --as-needed -lgcc_s --no-as-needed /usr/local/gcc/4.0.0/lib/gcc/i686-pc-linux-gnu/4.0.0/crtend.o /usr/lib/crtn.o
configure:4704: $? = 0
configure:4706: ./conftest
configure:4709: $? = 0
configure:4732: result: 4
configure:4739: checking for int
configure:4763: gcc -c -DZ_PREFIX -v  conftest.c >&5
Using built-in specs.
Target: i686-pc-linux-gnu
Configured with: ../gcc-4.0.0/configure --prefix=/usr/local/gcc/4.0.0 --exec-prefix=/usr/local/gcc/4.0.0 --program-suffix=-4.0.0
Thread model: posix
gcc version 4.0.0
 /usr/local/gcc/4.0.0/libexec/gcc/i686-pc-linux-gnu/4.0.0/cc1 -quiet -v -DZ_PREFIX conftest.c -quiet -dumpbase conftest.c -mtune=pentiumpro -auxbase conftest -version -o /tmp/cccy2Ed4.s
ignoring nonexistent directory "/usr/local/gcc/4.0.0/lib/gcc/i686-pc-linux-gnu/4.0.0/../../../../i686-pc-linux-gnu/include"
#include "..." search starts here:
#include <...> search starts here:
 /usr/local/include
 /usr/local/gcc/4.0.0/include
 /usr/local/gcc/4.0.0/lib/gcc/i686-pc-linux-gnu/4.0.0/include
 /usr/include
End of search list.
GNU C version 4.0.0 (i686-pc-linux-gnu)
	compiled by GNU C version 3.4.2 20041017 (Red Hat 3.4.2-6.fc3).
GGC heuristics: --param ggc-min-expand=98 --param ggc-min-heapsize=129170
 as -V -Qy -o conftest.o /tmp/cccy2Ed4.s
GNU assembler version 2.16 (i686-pc-linux-gnu) using BFD version 2.16
configure:4769: $? = 0
configure:4773: test -z 
			 || test ! -s conftest.err
configure:4776: $? = 0
configure:4779: test -s conftest.o
configure:4782: $? = 0
configure:4793: result: yes
configure:4796: checking size of int
configure:5115: gcc -o conftest -DZ_PREFIX -v   conftest.c -lm  >&5
Using built-in specs.
Target: i686-pc-linux-gnu
Configured with: ../gcc-4.0.0/configure --prefix=/usr/local/gcc/4.0.0 --exec-prefix=/usr/local/gcc/4.0.0 --program-suffix=-4.0.0
Thread model: posix
gcc version 4.0.0
 /usr/local/gcc/4.0.0/libexec/gcc/i686-pc-linux-gnu/4.0.0/cc1 -quiet -v -DZ_PREFIX conftest.c -quiet -dumpbase conftest.c -mtune=pentiumpro -auxbase conftest -version -o /tmp/ccMCyUM6.s
ignoring nonexistent directory "/usr/local/gcc/4.0.0/lib/gcc/i686-pc-linux-gnu/4.0.0/../../../../i686-pc-linux-gnu/include"
#include "..." search starts here:
#include <...> search starts here:
 /usr/local/include
 /usr/local/gcc/4.0.0/include
 /usr/local/gcc/4.0.0/lib/gcc/i686-pc-linux-gnu/4.0.0/include
 /usr/include
End of search list.
GNU C version 4.0.0 (i686-pc-linux-gnu)
	compiled by GNU C version 3.4.2 20041017 (Red Hat 3.4.2-6.fc3).
GGC heuristics: --param ggc-min-expand=98 --param ggc-min-heapsize=129170
 as -V -Qy -o /tmp/ccWQ8Yu6.o /tmp/ccMCyUM6.s
GNU assembler version 2.16 (i686-pc-linux-gnu) using BFD version 2.16
 /usr/local/gcc/4.0.0/libexec/gcc/i686-pc-linux-gnu/4.0.0/collect2 --eh-frame-hdr -m elf_i386 -dynamic-linker /lib/ld-linux.so.2 -o conftest /usr/lib/crt1.o /usr/lib/crti.o /usr/local/gcc/4.0.0/lib/gcc/i686-pc-linux-gnu/4.0.0/crtbegin.o -L/usr/local/gcc/4.0.0/lib/gcc/i686-pc-linux-gnu/4.0.0 -L/usr/local/gcc/4.0.0/lib/gcc/i686-pc-linux-gnu/4.0.0/../../.. /tmp/ccWQ8Yu6.o -lm -lgcc --as-needed -lgcc_s --no-as-needed -lc -lgcc --as-needed -lgcc_s --no-as-needed /usr/local/gcc/4.0.0/lib/gcc/i686-pc-linux-gnu/4.0.0/crtend.o /usr/lib/crtn.o
configure:5118: $? = 0
configure:5120: ./conftest
configure:5123: $? = 0
configure:5146: result: 4
configure:5153: checking for short
configure:5177: gcc -c -DZ_PREFIX -v  conftest.c >&5
Using built-in specs.
Target: i686-pc-linux-gnu
Configured with: ../gcc-4.0.0/configure --prefix=/usr/local/gcc/4.0.0 --exec-prefix=/usr/local/gcc/4.0.0 --program-suffix=-4.0.0
Thread model: posix
gcc version 4.0.0
 /usr/local/gcc/4.0.0/libexec/gcc/i686-pc-linux-gnu/4.0.0/cc1 -quiet -v -DZ_PREFIX conftest.c -quiet -dumpbase conftest.c -mtune=pentiumpro -auxbase conftest -version -o /tmp/cciJI9Xf.s
ignoring nonexistent directory "/usr/local/gcc/4.0.0/lib/gcc/i686-pc-linux-gnu/4.0.0/../../../../i686-pc-linux-gnu/include"
#include "..." search starts here:
#include <...> search starts here:
 /usr/local/include
 /usr/local/gcc/4.0.0/include
 /usr/local/gcc/4.0.0/lib/gcc/i686-pc-linux-gnu/4.0.0/include
 /usr/include
End of search list.
GNU C version 4.0.0 (i686-pc-linux-gnu)
	compiled by GNU C version 3.4.2 20041017 (Red Hat 3.4.2-6.fc3).
GGC heuristics: --param ggc-min-expand=98 --param ggc-min-heapsize=129170
 as -V -Qy -o conftest.o /tmp/cciJI9Xf.s
GNU assembler version 2.16 (i686-pc-linux-gnu) using BFD version 2.16
configure:5183: $? = 0
configure:5187: test -z 
			 || test ! -s conftest.err
configure:5190: $? = 0
configure:5193: test -s conftest.o
configure:5196: $? = 0
configure:5207: result: yes
configure:5210: checking size of short
configure:5529: gcc -o conftest -DZ_PREFIX -v   conftest.c -lm  >&5
Using built-in specs.
Target: i686-pc-linux-gnu
Configured with: ../gcc-4.0.0/configure --prefix=/usr/local/gcc/4.0.0 --exec-prefix=/usr/local/gcc/4.0.0 --program-suffix=-4.0.0
Thread model: posix
gcc version 4.0.0
 /usr/local/gcc/4.0.0/libexec/gcc/i686-pc-linux-gnu/4.0.0/cc1 -quiet -v -DZ_PREFIX conftest.c -quiet -dumpbase conftest.c -mtune=pentiumpro -auxbase conftest -version -o /tmp/cc7Uceyb.s
ignoring nonexistent directory "/usr/local/gcc/4.0.0/lib/gcc/i686-pc-linux-gnu/4.0.0/../../../../i686-pc-linux-gnu/include"
#include "..." search starts here:
#include <...> search starts here:
 /usr/local/include
 /usr/local/gcc/4.0.0/include
 /usr/local/gcc/4.0.0/lib/gcc/i686-pc-linux-gnu/4.0.0/include
 /usr/include
End of search list.
GNU C version 4.0.0 (i686-pc-linux-gnu)
	compiled by GNU C version 3.4.2 20041017 (Red Hat 3.4.2-6.fc3).
GGC heuristics: --param ggc-min-expand=98 --param ggc-min-heapsize=129170
 as -V -Qy -o /tmp/ccaHeKWf.o /tmp/cc7Uceyb.s
GNU assembler version 2.16 (i686-pc-linux-gnu) using BFD version 2.16
 /usr/local/gcc/4.0.0/libexec/gcc/i686-pc-linux-gnu/4.0.0/collect2 --eh-frame-hdr -m elf_i386 -dynamic-linker /lib/ld-linux.so.2 -o conftest /usr/lib/crt1.o /usr/lib/crti.o /usr/local/gcc/4.0.0/lib/gcc/i686-pc-linux-gnu/4.0.0/crtbegin.o -L/usr/local/gcc/4.0.0/lib/gcc/i686-pc-linux-gnu/4.0.0 -L/usr/local/gcc/4.0.0/lib/gcc/i686-pc-linux-gnu/4.0.0/../../.. /tmp/ccaHeKWf.o -lm -lgcc --as-needed -lgcc_s --no-as-needed -lc -lgcc --as-needed -lgcc_s --no-as-needed /usr/local/gcc/4.0.0/lib/gcc/i686-pc-linux-gnu/4.0.0/crtend.o /usr/lib/crtn.o
configure:5532: $? = 0
configure:5534: ./conftest
configure:5537: $? = 0
configure:5560: result: 2
configure:5567: checking for char
configure:5591: gcc -c -DZ_PREFIX -v  conftest.c >&5
Using built-in specs.
Target: i686-pc-linux-gnu
Configured with: ../gcc-4.0.0/configure --prefix=/usr/local/gcc/4.0.0 --exec-prefix=/usr/local/gcc/4.0.0 --program-suffix=-4.0.0
Thread model: posix
gcc version 4.0.0
 /usr/local/gcc/4.0.0/libexec/gcc/i686-pc-linux-gnu/4.0.0/cc1 -quiet -v -DZ_PREFIX conftest.c -quiet -dumpbase conftest.c -mtune=pentiumpro -auxbase conftest -version -o /tmp/ccPXJ5pi.s
ignoring nonexistent directory "/usr/local/gcc/4.0.0/lib/gcc/i686-pc-linux-gnu/4.0.0/../../../../i686-pc-linux-gnu/include"
#include "..." search starts here:
#include <...> search starts here:
 /usr/local/include
 /usr/local/gcc/4.0.0/include
 /usr/local/gcc/4.0.0/lib/gcc/i686-pc-linux-gnu/4.0.0/include
 /usr/include
End of search list.
GNU C version 4.0.0 (i686-pc-linux-gnu)
	compiled by GNU C version 3.4.2 20041017 (Red Hat 3.4.2-6.fc3).
GGC heuristics: --param ggc-min-expand=98 --param ggc-min-heapsize=129170
 as -V -Qy -o conftest.o /tmp/ccPXJ5pi.s
GNU assembler version 2.16 (i686-pc-linux-gnu) using BFD version 2.16
configure:5597: $? = 0
configure:5601: test -z 
			 || test ! -s conftest.err
configure:5604: $? = 0
configure:5607: test -s conftest.o
configure:5610: $? = 0
configure:5621: result: yes
configure:5624: checking size of char
configure:5943: gcc -o conftest -DZ_PREFIX -v   conftest.c -lm  >&5
Using built-in specs.
Target: i686-pc-linux-gnu
Configured with: ../gcc-4.0.0/configure --prefix=/usr/local/gcc/4.0.0 --exec-prefix=/usr/local/gcc/4.0.0 --program-suffix=-4.0.0
Thread model: posix
gcc version 4.0.0
 /usr/local/gcc/4.0.0/libexec/gcc/i686-pc-linux-gnu/4.0.0/cc1 -quiet -v -DZ_PREFIX conftest.c -quiet -dumpbase conftest.c -mtune=pentiumpro -auxbase conftest -version -o /tmp/cctkmUpn.s
ignoring nonexistent directory "/usr/local/gcc/4.0.0/lib/gcc/i686-pc-linux-gnu/4.0.0/../../../../i686-pc-linux-gnu/include"
#include "..." search starts here:
#include <...> search starts here:
 /usr/local/include
 /usr/local/gcc/4.0.0/include
 /usr/local/gcc/4.0.0/lib/gcc/i686-pc-linux-gnu/4.0.0/include
 /usr/include
End of search list.
GNU C version 4.0.0 (i686-pc-linux-gnu)
	compiled by GNU C version 3.4.2 20041017 (Red Hat 3.4.2-6.fc3).
GGC heuristics: --param ggc-min-expand=98 --param ggc-min-heapsize=129170
 as -V -Qy -o /tmp/ccS7WNCD.o /tmp/cctkmUpn.s
GNU assembler version 2.16 (i686-pc-linux-gnu) using BFD version 2.16
 /usr/local/gcc/4.0.0/libexec/gcc/i686-pc-linux-gnu/4.0.0/collect2 --eh-frame-hdr -m elf_i386 -dynamic-linker /lib/ld-linux.so.2 -o conftest /usr/lib/crt1.o /usr/lib/crti.o /usr/local/gcc/4.0.0/lib/gcc/i686-pc-linux-gnu/4.0.0/crtbegin.o -L/usr/local/gcc/4.0.0/lib/gcc/i686-pc-linux-gnu/4.0.0 -L/usr/local/gcc/4.0.0/lib/gcc/i686-pc-linux-gnu/4.0.0/../../.. /tmp/ccS7WNCD.o -lm -lgcc --as-needed -lgcc_s --no-as-needed -lc -lgcc --as-needed -lgcc_s --no-as-needed /usr/local/gcc/4.0.0/lib/gcc/i686-pc-linux-gnu/4.0.0/crtend.o /usr/lib/crtn.o
configure:5946: $? = 0
configure:5948: ./conftest
configure:5951: $? = 0
configure:5974: result: 1
configure:5982: checking for va_copy()
configure:6004: gcc -o conftest -DZ_PREFIX -v   conftest.c -lm  >&5
Using built-in specs.
Target: i686-pc-linux-gnu
Configured with: ../gcc-4.0.0/configure --prefix=/usr/local/gcc/4.0.0 --exec-prefix=/usr/local/gcc/4.0.0 --program-suffix=-4.0.0
Thread model: posix
gcc version 4.0.0
 /usr/local/gcc/4.0.0/libexec/gcc/i686-pc-linux-gnu/4.0.0/cc1 -quiet -v -DZ_PREFIX conftest.c -quiet -dumpbase conftest.c -mtune=pentiumpro -auxbase conftest -version -o /tmp/cc3JVQAr.s
ignoring nonexistent directory "/usr/local/gcc/4.0.0/lib/gcc/i686-pc-linux-gnu/4.0.0/../../../../i686-pc-linux-gnu/include"
#include "..." search starts here:
#include <...> search starts here:
 /usr/local/include
 /usr/local/gcc/4.0.0/include
 /usr/local/gcc/4.0.0/lib/gcc/i686-pc-linux-gnu/4.0.0/include
 /usr/include
End of search list.
GNU C version 4.0.0 (i686-pc-linux-gnu)
	compiled by GNU C version 3.4.2 20041017 (Red Hat 3.4.2-6.fc3).
GGC heuristics: --param ggc-min-expand=98 --param ggc-min-heapsize=129170
conftest.c: In function 'f':
conftest.c:7: warning: incompatible implicit declaration of built-in function 'exit'
 as -V -Qy -o /tmp/ccixoduM.o /tmp/cc3JVQAr.s
GNU assembler version 2.16 (i686-pc-linux-gnu) using BFD version 2.16
 /usr/local/gcc/4.0.0/libexec/gcc/i686-pc-linux-gnu/4.0.0/collect2 --eh-frame-hdr -m elf_i386 -dynamic-linker /lib/ld-linux.so.2 -o conftest /usr/lib/crt1.o /usr/lib/crti.o /usr/local/gcc/4.0.0/lib/gcc/i686-pc-linux-gnu/4.0.0/crtbegin.o -L/usr/local/gcc/4.0.0/lib/gcc/i686-pc-linux-gnu/4.0.0 -L/usr/local/gcc/4.0.0/lib/gcc/i686-pc-linux-gnu/4.0.0/../../.. /tmp/ccixoduM.o -lm -lgcc --as-needed -lgcc_s --no-as-needed -lc -lgcc --as-needed -lgcc_s --no-as-needed /usr/local/gcc/4.0.0/lib/gcc/i686-pc-linux-gnu/4.0.0/crtend.o /usr/lib/crtn.o
configure:6010: $? = 0
configure:6014: test -z 
			 || test ! -s conftest.err
configure:6017: $? = 0
configure:6020: test -s conftest
configure:6023: $? = 0
configure:6036: result: yes
configure:6110: checking for vsnprintf()
configure:6128: gcc -o conftest -DZ_PREFIX -v   conftest.c -lm  >&5
Using built-in specs.
Target: i686-pc-linux-gnu
Configured with: ../gcc-4.0.0/configure --prefix=/usr/local/gcc/4.0.0 --exec-prefix=/usr/local/gcc/4.0.0 --program-suffix=-4.0.0
Thread model: posix
gcc version 4.0.0
 /usr/local/gcc/4.0.0/libexec/gcc/i686-pc-linux-gnu/4.0.0/cc1 -quiet -v -DZ_PREFIX conftest.c -quiet -dumpbase conftest.c -mtune=pentiumpro -auxbase conftest -version -o /tmp/cc0kiUow.s
ignoring nonexistent directory "/usr/local/gcc/4.0.0/lib/gcc/i686-pc-linux-gnu/4.0.0/../../../../i686-pc-linux-gnu/include"
#include "..." search starts here:
#include <...> search starts here:
 /usr/local/include
 /usr/local/gcc/4.0.0/include
 /usr/local/gcc/4.0.0/lib/gcc/i686-pc-linux-gnu/4.0.0/include
 /usr/include
End of search list.
GNU C version 4.0.0 (i686-pc-linux-gnu)
	compiled by GNU C version 3.4.2 20041017 (Red Hat 3.4.2-6.fc3).
GGC heuristics: --param ggc-min-expand=98 --param ggc-min-heapsize=129170
 as -V -Qy -o /tmp/ccCIAGUU.o /tmp/cc0kiUow.s
GNU assembler version 2.16 (i686-pc-linux-gnu) using BFD version 2.16
 /usr/local/gcc/4.0.0/libexec/gcc/i686-pc-linux-gnu/4.0.0/collect2 --eh-frame-hdr -m elf_i386 -dynamic-linker /lib/ld-linux.so.2 -o conftest /usr/lib/crt1.o /usr/lib/crti.o /usr/local/gcc/4.0.0/lib/gcc/i686-pc-linux-gnu/4.0.0/crtbegin.o -L/usr/local/gcc/4.0.0/lib/gcc/i686-pc-linux-gnu/4.0.0 -L/usr/local/gcc/4.0.0/lib/gcc/i686-pc-linux-gnu/4.0.0/../../.. /tmp/ccCIAGUU.o -lm -lgcc --as-needed -lgcc_s --no-as-needed -lc -lgcc --as-needed -lgcc_s --no-as-needed /usr/local/gcc/4.0.0/lib/gcc/i686-pc-linux-gnu/4.0.0/crtend.o /usr/lib/crtn.o
configure:6134: $? = 0
configure:6138: test -z 
			 || test ! -s conftest.err
configure:6141: $? = 0
configure:6144: test -s conftest
configure:6147: $? = 0
configure:6160: result: yes
configure:6163: checking for snprintf()
configure:6180: gcc -o conftest -DZ_PREFIX -v   conftest.c -lm  >&5
Using built-in specs.
Target: i686-pc-linux-gnu
Configured with: ../gcc-4.0.0/configure --prefix=/usr/local/gcc/4.0.0 --exec-prefix=/usr/local/gcc/4.0.0 --program-suffix=-4.0.0
Thread model: posix
gcc version 4.0.0
 /usr/local/gcc/4.0.0/libexec/gcc/i686-pc-linux-gnu/4.0.0/cc1 -quiet -v -DZ_PREFIX conftest.c -quiet -dumpbase conftest.c -mtune=pentiumpro -auxbase conftest -version -o /tmp/ccEJPVqC.s
ignoring nonexistent directory "/usr/local/gcc/4.0.0/lib/gcc/i686-pc-linux-gnu/4.0.0/../../../../i686-pc-linux-gnu/include"
#include "..." search starts here:
#include <...> search starts here:
 /usr/local/include
 /usr/local/gcc/4.0.0/include
 /usr/local/gcc/4.0.0/lib/gcc/i686-pc-linux-gnu/4.0.0/include
 /usr/include
End of search list.
GNU C version 4.0.0 (i686-pc-linux-gnu)
	compiled by GNU C version 3.4.2 20041017 (Red Hat 3.4.2-6.fc3).
GGC heuristics: --param ggc-min-expand=98 --param ggc-min-heapsize=129170
 as -V -Qy -o /tmp/cconfic9.o /tmp/ccEJPVqC.s
GNU assembler version 2.16 (i686-pc-linux-gnu) using BFD version 2.16
 /usr/local/gcc/4.0.0/libexec/gcc/i686-pc-linux-gnu/4.0.0/collect2 --eh-frame-hdr -m elf_i386 -dynamic-linker /lib/ld-linux.so.2 -o conftest /usr/lib/crt1.o /usr/lib/crti.o /usr/local/gcc/4.0.0/lib/gcc/i686-pc-linux-gnu/4.0.0/crtbegin.o -L/usr/local/gcc/4.0.0/lib/gcc/i686-pc-linux-gnu/4.0.0 -L/usr/local/gcc/4.0.0/lib/gcc/i686-pc-linux-gnu/4.0.0/../../.. /tmp/cconfic9.o -lm -lgcc --as-needed -lgcc_s --no-as-needed -lc -lgcc --as-needed -lgcc_s --no-as-needed /usr/local/gcc/4.0.0/lib/gcc/i686-pc-linux-gnu/4.0.0/crtend.o /usr/lib/crtn.o
configure:6186: $? = 0
configure:6190: test -z 
			 || test ! -s conftest.err
configure:6193: $? = 0
configure:6196: test -s conftest
configure:6199: $? = 0
configure:6212: result: yes
configure:6215: checking for vasprintf()
configure:6233: gcc -o conftest -DZ_PREFIX -v   conftest.c -lm  >&5
Using built-in specs.
Target: i686-pc-linux-gnu
Configured with: ../gcc-4.0.0/configure --prefix=/usr/local/gcc/4.0.0 --exec-prefix=/usr/local/gcc/4.0.0 --program-suffix=-4.0.0
Thread model: posix
gcc version 4.0.0
 /usr/local/gcc/4.0.0/libexec/gcc/i686-pc-linux-gnu/4.0.0/cc1 -quiet -v -DZ_PREFIX conftest.c -quiet -dumpbase conftest.c -mtune=pentiumpro -auxbase conftest -version -o /tmp/ccgV4g2H.s
ignoring nonexistent directory "/usr/local/gcc/4.0.0/lib/gcc/i686-pc-linux-gnu/4.0.0/../../../../i686-pc-linux-gnu/include"
#include "..." search starts here:
#include <...> search starts here:
 /usr/local/include
 /usr/local/gcc/4.0.0/include
 /usr/local/gcc/4.0.0/lib/gcc/i686-pc-linux-gnu/4.0.0/include
 /usr/include
End of search list.
GNU C version 4.0.0 (i686-pc-linux-gnu)
	compiled by GNU C version 3.4.2 20041017 (Red Hat 3.4.2-6.fc3).
GGC heuristics: --param ggc-min-expand=98 --param ggc-min-heapsize=129170
 as -V -Qy -o /tmp/ccUxeobi.o /tmp/ccgV4g2H.s
GNU assembler version 2.16 (i686-pc-linux-gnu) using BFD version 2.16
 /usr/local/gcc/4.0.0/libexec/gcc/i686-pc-linux-gnu/4.0.0/collect2 --eh-frame-hdr -m elf_i386 -dynamic-linker /lib/ld-linux.so.2 -o conftest /usr/lib/crt1.o /usr/lib/crti.o /usr/local/gcc/4.0.0/lib/gcc/i686-pc-linux-gnu/4.0.0/crtbegin.o -L/usr/local/gcc/4.0.0/lib/gcc/i686-pc-linux-gnu/4.0.0 -L/usr/local/gcc/4.0.0/lib/gcc/i686-pc-linux-gnu/4.0.0/../../.. /tmp/ccUxeobi.o -lm -lgcc --as-needed -lgcc_s --no-as-needed -lc -lgcc --as-needed -lgcc_s --no-as-needed /usr/local/gcc/4.0.0/lib/gcc/i686-pc-linux-gnu/4.0.0/crtend.o /usr/lib/crtn.o
configure:6239: $? = 0
configure:6243: test -z 
			 || test ! -s conftest.err
configure:6246: $? = 0
configure:6249: test -s conftest
configure:6252: $? = 0
configure:6265: result: yes
configure:6268: checking for asprintf()
configure:6285: gcc -o conftest -DZ_PREFIX -v   conftest.c -lm  >&5

## ---------------- ##
## Cache variables. ##
## ---------------- ##

ac_cv_build=i686-pc-linux-gnu
ac_cv_build_alias=i686-pc-linux-gnu
ac_cv_c_compiler_gnu=yes
ac_cv_env_CC_set=
ac_cv_env_CC_value=
ac_cv_env_CFLAGS_set=set
ac_cv_env_CFLAGS_value='-DZ_PREFIX -v'
ac_cv_env_CPPFLAGS_set=
ac_cv_env_CPPFLAGS_value=
ac_cv_env_CPP_set=
ac_cv_env_CPP_value=
ac_cv_env_LDFLAGS_set=
ac_cv_env_LDFLAGS_value=
ac_cv_env_build_alias_set=
ac_cv_env_build_alias_value=
ac_cv_env_host_alias_set=
ac_cv_env_host_alias_value=
ac_cv_env_target_alias_set=
ac_cv_env_target_alias_value=
ac_cv_exeext=
ac_cv_header_inttypes_h=yes
ac_cv_header_memory_h=yes
ac_cv_header_stdc=yes
ac_cv_header_stdint_h=yes
ac_cv_header_stdlib_h=yes
ac_cv_header_string_h=yes
ac_cv_header_strings_h=yes
ac_cv_header_sys_stat_h=yes
ac_cv_header_sys_types_h=yes
ac_cv_header_unistd_h=yes
ac_cv_host=i686-pc-linux-gnu
ac_cv_host_alias=i686-pc-linux-gnu
ac_cv_lib_m_pow=yes
ac_cv_objext=o
ac_cv_path_install='/usr/bin/install -c'
ac_cv_prog_AWK=gawk
ac_cv_prog_CPP='gcc -E'
ac_cv_prog_ac_ct_CC=gcc
ac_cv_prog_ac_ct_RANLIB=ranlib
ac_cv_prog_cc_g=yes
ac_cv_prog_cc_stdc=
ac_cv_prog_egrep='grep -E'
ac_cv_prog_make_make_set=yes
ac_cv_sizeof_char=1
ac_cv_sizeof_double=8
ac_cv_sizeof_float=4
ac_cv_sizeof_int=4
ac_cv_sizeof_short=2
ac_cv_type_char=yes
ac_cv_type_double=yes
ac_cv_type_float=yes
ac_cv_type_int=yes
ac_cv_type_short=yes
am_cv_CC_dependencies_compiler_type=gcc3

## ----------------- ##
## Output variables. ##
## ----------------- ##

ACLOCAL='${SHELL} /home/cch/matio/config/missing --run aclocal-1.9'
AMDEPBACKSLASH='\'
AMDEP_FALSE='#'
AMDEP_TRUE=''
AMTAR='${SHELL} /home/cch/matio/config/missing --run tar'
AUTOCONF='${SHELL} /home/cch/matio/config/missing --run autoconf'
AUTOHEADER='${SHELL} /home/cch/matio/config/missing --run autoheader'
AUTOMAKE='${SHELL} /home/cch/matio/config/missing --run automake-1.9'
AWK='gawk'
CC='gcc'
CCDEPMODE='depmode=gcc3'
CFLAGS='-DZ_PREFIX -v'
CPP='gcc -E'
CPPFLAGS=''
CYGPATH_W='echo'
DEFS=''
DEPDIR='.deps'
DOCS_INSTALL_FALSE=''
DOCS_INSTALL_TRUE='#'
ECHO_C=''
ECHO_N='-n'
ECHO_T=''
EGREP='grep -E'
ENABLE_FORTRAN_FALSE=''
ENABLE_FORTRAN_TRUE=''
EXEEXT=''
HAVE_ZLIB_FALSE=''
HAVE_ZLIB_TRUE=''
INSTALL_DATA='${INSTALL} -m 644'
INSTALL_PROGRAM='${INSTALL}'
INSTALL_SCRIPT='${INSTALL}'
INSTALL_STRIP_PROGRAM='${SHELL} $(install_sh) -c -s'
LDFLAGS=''
LIBOBJS=''
LIBS='-lm '
LINUX_FALSE=''
LINUX_TRUE=''
LTLIBOBJS=''
MAINT='#'
MAINTAINER_MODE_FALSE=''
MAINTAINER_MODE_TRUE='#'
MAKEINFO='${SHELL} /home/cch/matio/config/missing --run makeinfo'
OBJEXT='o'
PACKAGE='matio'
PACKAGE_BUGREPORT='cch@isl-inc.com'
PACKAGE_NAME='MATIO'
PACKAGE_RELEASE_DATE='1 August 2005'
PACKAGE_STRING='MATIO 1.1.2'
PACKAGE_TARNAME='matio'
PACKAGE_VERSION='1.1.2'
PATH_SEPARATOR=':'
RANLIB='ranlib'
SET_MAKE=''
SHELL='/bin/sh'
STRIP=''
SUN_FALSE=''
SUN_TRUE=''
VERSION='1.1.2'
WINNT_FALSE=''
WINNT_TRUE=''
ZLIB_CFLAGS=''
ZLIB_LIBS=''
ac_ct_CC='gcc'
ac_ct_RANLIB='ranlib'
ac_ct_STRIP=''
am__fastdepCC_FALSE='#'
am__fastdepCC_TRUE=''
am__include='include'
am__leading_dot='.'
am__quote=''
am__tar='${AMTAR} chof - "$$tardir"'
am__untar='${AMTAR} xf -'
bindir='${exec_prefix}/bin'
build='i686-pc-linux-gnu'
build_alias=''
build_cpu='i686'
build_os='linux-gnu'
build_vendor='pc'
datadir='${prefix}/share'
exec_prefix='/home/cch/matio_v1.1.2'
have_doxygen=''
host='i686-pc-linux-gnu'
host_alias=''
host_cpu='i686'
host_os='linux-gnu'
host_vendor='pc'
includedir='${prefix}/include'
infodir='${prefix}/info'
install_sh='/home/cch/matio/config/install-sh'
libdir='${exec_prefix}/lib'
libexecdir='${exec_prefix}/libexec'
localstatedir='${prefix}/var'
mandir='${prefix}/man'
mkdir_p='mkdir -p --'
oldincludedir='/usr/include'
prefix='/home/cch/matio_v1.1.2'
program_transform_name='s,x,x,'
sbindir='${exec_prefix}/sbin'
sharedstatedir='${prefix}/com'
subdirs=''
sysconfdir='${prefix}/etc'
target_alias=''

## ----------- ##
## confdefs.h. ##
## ----------- ##

#define HAVE_INTTYPES_H 1
#define HAVE_INTTYPES_H 1
#define HAVE_LIBM 1
#define HAVE_MEMORY_H 1
#define HAVE_STDINT_H 1
#define HAVE_STDINT_H 1
#define HAVE_STDLIB_H 1
#define HAVE_STRINGS_H 1
#define HAVE_STRING_H 1
#define HAVE_SYS_STAT_H 1
#define HAVE_SYS_TYPES_H 1
#define HAVE_UNISTD_H 1
#define HAVE_VA_COPY 1
#define MATIO_MAJOR_VERSION 1
#define MATIO_MINOR_VERSION 1
#define MATIO_PLATFORM "i686-pc-linux-gnu"
#define MATIO_RELEASE_LEVEL 2
#define NODEBUG 1
#define PACKAGE "matio"
#define PACKAGE_BUGREPORT "cch@isl-inc.com"
#define PACKAGE_NAME "MATIO"
#define PACKAGE_STRING "MATIO 1.1.2"
#define PACKAGE_TARNAME "matio"
#define PACKAGE_VERSION "1.1.2"
#define SIZEOF_CHAR 1
#define SIZEOF_DOUBLE 8
#define SIZEOF_FLOAT 4
#define SIZEOF_INT 4
#define SIZEOF_SHORT 2
#define STDC_HEADERS 1
#define VERSION "1.1.2"

configure: caught signal 2
configure: exit 1
